[0m[1;34m# Check configuration tokens[0m
[0m[1;31m# `android.archs` not detected, instead `android.arch` is present.[0m
[0m[1;31m# `android.arch` will be removed and ignored in future.[0m
[0m[1;31m# If you're seeing this error, please migrate to `android.archs`.[0m
[0m[1;34m# Ensure build layout[0m
[0m[1;30m# Create directory /home/runner/work/youtube_podcasts/youtube_podcasts/app/bin[0m
[0m[1;34m# Check configuration tokens[0m
[0m[1;34m# Preparing build[0m
[0m[1;34m# Check requirements for android[0m
[0m[1;30m# Search for Git (git)[0m
[0m[1;30m#  -> found at /usr/bin/git[0m
[0m[1;30m# Search for Cython (cython)[0m
[0m[1;30m#  -> found at /opt/hostedtoolcache/Python/3.11.15/x64/bin/cython[0m
[0m[1;30m# Search for Java compiler (javac)[0m
[0m[1;30m#  -> found at /usr/lib/jvm/temurin-17-jdk-amd64/bin/javac[0m
[0m[1;30m# Search for Java keytool (keytool)[0m
[0m[1;30m#  -> found at /usr/lib/jvm/temurin-17-jdk-amd64/bin/keytool[0m
[0m[1;34m# Install platform[0m
[0m[1;30m# Run ['git', 'config', '--get', 'remote.origin.url'][0m
[0m[1;30m# Cwd /home/runner/work/youtube_podcasts/youtube_podcasts/app/.buildozer/android/platform/python-for-android[0m
https://github.com/kivy/python-for-android.git
[0m[1;30m# Run ['git', 'branch', '-vv'][0m
[0m[1;30m# Cwd /home/runner/work/youtube_podcasts/youtube_podcasts/app/.buildozer/android/platform/python-for-android[0m
* master 957a3e5f [origin/master] Merge pull request #2959 from kivy/release-2024.01.21
[0m[1;30m# Run ['/opt/hostedtoolcache/Python/3.11.15/x64/bin/python', '-m', 'pip', 'install', '-q', '--user', 'appdirs', 'colorama>=0.3.3', 'jinja2', 'sh>=1.10, <2.0; sys_platform!="win32"', 'build', 'toml', 'packaging', 'setuptools'][0m
[0m[1;30m# Cwd None[0m
[WARNING]: prerequisites.py is experimental and does not support all prerequisites yet.
[0m[1;34m# Apache ANT found at /home/runner/.buildozer/android/platform/apache-ant-1.9.4[0m
[0m[1;34m# Android SDK found at /home/runner/.buildozer/android/platform/android-sdk[0m
[0m[1;34m# Recommended android's NDK version by p4a is: 25b[0m
[0m[1;34m# Android NDK found at /home/runner/.buildozer/android/platform/android-ndk-r25b[0m
[0m[1;30m# Run ['/opt/hostedtoolcache/Python/3.11.15/x64/bin/python', '-m', 'pythonforandroid.toolchain', 'aab', '-h', '--color=always', '--storage-dir=/home/runner/work/youtube_podcasts/youtube_podcasts/app/.buildozer/android/platform/build-arm64-v8a', '--ndk-api=26', '--ignore-setup-py', '--debug'][0m
[0m[1;30m# Cwd /home/runner/work/youtube_podcasts/youtube_podcasts/app/.buildozer/android/platform/python-for-android[0m
[WARNING]: Please report any issues to the python-for-android issue tracker.
[WARNING]: prerequisites.py is experimental and does not support all prerequisites yet.
[WARNING]: Please report any issues to the python-for-android issue tracker.
usage: toolchain.py aab [-h] [--debug] [--color {always,never,auto}]
                        [--sdk-dir SDK_DIR] [--ndk-dir NDK_DIR]
                        [--android-api ANDROID_API]
                        [--ndk-version NDK_VERSION] [--ndk-api NDK_API]
                        [--symlink-bootstrap-files]
                        [--storage-dir STORAGE_DIR] [--arch ARCH]
                        [--dist-name DIST_NAME] [--requirements REQUIREMENTS]
                        [--recipe-blacklist RECIPE_BLACKLIST]
                        [--blacklist-requirements BLACKLIST_REQUIREMENTS]
                        [--bootstrap BOOTSTRAP] [--hook HOOK] [--force-build]
                        [--no-force-build] [--require-perfect-match]
                        [--no-require-perfect-match] [--allow-replace-dist]
                        [--no-allow-replace-dist]
                        [--local-recipes LOCAL_RECIPES]
                        [--activity-class-name ACTIVITY_CLASS_NAME]
                        [--service-class-name SERVICE_CLASS_NAME]
                        [--java-build-tool {auto,ant,gradle}] [--copy-libs]
                        [--no-copy-libs] [--add-asset ASSETS]
                        [--add-resource RESOURCES] [--private PRIVATE]
                        [--use-setup-py] [--ignore-setup-py] [--release]
                        [--with-debug-symbols] [--keystore KEYSTORE]
                        [--signkey SIGNKEY] [--keystorepw KEYSTOREPW]
                        [--signkeypw SIGNKEYPW]

options:
  -h, --help            show this help message and exit
  --debug               Display debug output and all build info
  --color {always,never,auto}
                        Enable or disable color output (default enabled on
                        tty)
  --sdk-dir SDK_DIR, --sdk_dir SDK_DIR
                        The filepath where the Android SDK is installed
  --ndk-dir NDK_DIR, --ndk_dir NDK_DIR
                        The filepath where the Android NDK is installed
  --android-api ANDROID_API, --android_api ANDROID_API
                        The Android API level to build against defaults to 33
                        if not specified.
  --ndk-version NDK_VERSION, --ndk_version NDK_VERSION
                        DEPRECATED: the NDK version is now found automatically
                        or not at all.
  --ndk-api NDK_API     The Android API level to compile against. This should
                        be your *minimal supported* API, not normally the same
                        as your --android-api. Defaults to min(ANDROID_API,
                        21) if not specified.
  --symlink-bootstrap-files, --ssymlink_bootstrap_files
                        If True, symlinks the bootstrap files creation. This
                        is useful for development only, it could also cause
                        weird problems.
  --storage-dir STORAGE_DIR
                        Primary storage directory for downloads and builds
                        (default: /home/runner/.local/share/python-for-
                        android)
  --arch ARCH           The archs to build for.
  --dist-name DIST_NAME, --dist_name DIST_NAME
                        The name of the distribution to use or create
  --requirements REQUIREMENTS
                        Dependencies of your app, should be recipe names or
                        Python modules. NOT NECESSARY if you are using Python
                        3 with --use-setup-py
  --recipe-blacklist RECIPE_BLACKLIST
                        Blacklist an internal recipe from use. Allows
                        disabling Python 3 core modules to save size
  --blacklist-requirements BLACKLIST_REQUIREMENTS
                        Blacklist an internal recipe from use. Allows
                        disabling Python 3 core modules to save size
  --bootstrap BOOTSTRAP
                        The bootstrap to build with. Leave unset to choose
                        automatically.
  --hook HOOK           Filename to a module that contains python-for-android
                        hooks
  --local-recipes LOCAL_RECIPES, --local_recipes LOCAL_RECIPES
                        Directory to look for local recipes
  --activity-class-name ACTIVITY_CLASS_NAME
                        The full java class name of the main activity
  --service-class-name SERVICE_CLASS_NAME
                        Full java package name of the PythonService class
  --java-build-tool {auto,ant,gradle}
                        The java build tool to use when packaging the APK,
                        defaults to automatically selecting an appropriate
                        tool.
  --add-asset ASSETS    Put this in the assets folder in the apk.
  --add-resource RESOURCES
                        Put this in the res folder in the apk.
  --private PRIVATE     the directory with the app source code files
                        (containing your main.py entrypoint)
  --use-setup-py        Process the setup.py of a project if present.
                        (Experimental!
  --ignore-setup-py     Don't run the setup.py of a project if present. This
                        may be required if the setup.py is not designed to
                        work inside p4a (e.g. by installing dependencies that
                        won't work or aren't desired on Android
  --release             Build your app as a non-debug release build. (Disables
                        gdb debugging among other things)
  --with-debug-symbols  Will keep debug symbols from `.so` files.
  --keystore KEYSTORE   Keystore for JAR signing key, will use jarsigner
                        default if not specified (release build only)
  --signkey SIGNKEY     Key alias to sign PARSER_APK. with (release build
                        only)
  --keystorepw KEYSTOREPW
                        Password for keystore
  --signkeypw SIGNKEYPW
                        Password for key alias

  Whether to force compilation of a new distribution

  --force-build
  --no-force-build      (this is the default)
  --require-perfect-match
  --no-require-perfect-match
                        (this is the default)
  --allow-replace-dist  (this is the default)
  --no-allow-replace-dist
  --copy-libs
  --no-copy-libs        (this is the default)
[WARNING]: prerequisites.py is experimental and does not support all prerequisites yet.
[0m[1;34m# Check application requirements[0m
[0m[1;34m# Compile platform[0m
[0m[1;30m# Run ['/opt/hostedtoolcache/Python/3.11.15/x64/bin/python', '-m', 'pythonforandroid.toolchain', 'create', '--dist_name=ytpodcasts', '--bootstrap=sdl2', '--requirements=python3,kivy==2.3.1,kivymd==1.2.0,yt-dlp,certifi,urllib3,requests,mutagen,pycryptodome', '--arch=arm64-v8a', '--copy-libs', '--color=always', '--storage-dir=/home/runner/work/youtube_podcasts/youtube_podcasts/app/.buildozer/android/platform/build-arm64-v8a', '--ndk-api=26', '--ignore-setup-py', '--debug'][0m
[0m[1;30m# Cwd /home/runner/work/youtube_podcasts/youtube_podcasts/app/.buildozer/android/platform/python-for-android[0m
[WARNING]: Please report any issues to the python-for-android issue tracker.
[WARNING]: prerequisites.py is experimental and does not support all prerequisites yet.
[WARNING]: Please report any issues to the python-for-android issue tracker.
[1m[INFO][0m:    Recipe kivy: version "2.3.1" requested
[1m[INFO][0m:    Recipe kivymd: version "1.2.0" requested
[1m[INFO][0m:    Will compile for the following archs: arm64-v8a
[1m[INFO][0m:    Found Android API target in $ANDROIDAPI: 34
[1m[INFO][0m:    Available Android APIs are (34)
[1m[INFO][0m:    Requested API target 34 is available, continuing.
[1m[INFO][0m:    Found NDK dir in $ANDROIDNDK: /home/runner/.buildozer/android/platform/android-ndk-r25b
[1m[INFO][0m:    Found NDK version 25b
[1m[INFO][0m:    Getting NDK API version (i.e. minimum supported API) from user argument
[1m[90m[DEBUG][39m[0m:   All possible dists: [<Distribution: name ytpodcasts with recipes (hostpython3, libffi, openssl, sdl2_image, sdl2_mixer, sdl2_ttf, sqlite3, python3, sdl2, setuptools, pycparser, six, cffi, pyjnius, android, kivy, pycryptodome, mutagen, certifi, yt-dlp, idna, chardet, materialyoucolor, kivymd, requests, urllib3)>]
[1m[90m[DEBUG][39m[0m:   Dist matching name and arch: [<Distribution: name ytpodcasts with recipes (hostpython3, libffi, openssl, sdl2_image, sdl2_mixer, sdl2_ttf, sqlite3, python3, sdl2, setuptools, pycparser, six, cffi, pyjnius, android, kivy, pycryptodome, mutagen, certifi, yt-dlp, idna, chardet, materialyoucolor, kivymd, requests, urllib3)>]
[1m[90m[DEBUG][39m[0m:   Dist matching ndk_api and recipe: [<Distribution: name ytpodcasts with recipes (hostpython3, libffi, openssl, sdl2_image, sdl2_mixer, sdl2_ttf, sqlite3, python3, sdl2, setuptools, pycparser, six, cffi, pyjnius, android, kivy, pycryptodome, mutagen, certifi, yt-dlp, idna, chardet, materialyoucolor, kivymd, requests, urllib3)>]
[1m[INFO][0m:    Of the existing distributions, the following meet the given requirements:
[1m[INFO][0m:    	[32m[1mytpodcasts[0m: min API 26, includes recipes ([32mhostpython3, libffi, openssl, sdl2_image, sdl2_mixer, sdl2_ttf, sqlite3, python3, sdl2, setuptools, pycparser, six, cffi, pyjnius, android, kivy, pycryptodome, mutagen, certifi, yt-dlp, idna, chardet, materialyoucolor, kivymd, requests, urllib3[0m), built for archs ([34marm64-v8a[0m)
[1m[INFO][0m:    [1m[94mytpodcasts has compatible recipes, using this one[0m
[WARNING]: prerequisites.py is experimental and does not support all prerequisites yet.
[0m[1;34m# Build the application #4[0m
[0m[1;30m# Copy application source from /home/runner/work/youtube_podcasts/youtube_podcasts/app[0m
[0m[1;30m# Create directory /home/runner/work/youtube_podcasts/youtube_podcasts/app/.buildozer/android/app[0m
[0m[1;30m# Copy /home/runner/work/youtube_podcasts/youtube_podcasts/app/main.py[0m
[0m[1;30m# Copy /home/runner/work/youtube_podcasts/youtube_podcasts/app/intent_filters.xml[0m
[0m[1;34m# Package the application[0m
[0m[1;30m# project.properties updated[0m
[0m[1;30m# Run ['/opt/hostedtoolcache/Python/3.11.15/x64/bin/python', '-m', 'pythonforandroid.toolchain', 'apk', '--bootstrap', 'sdl2', '--dist_name', 'ytpodcasts', '--name', 'YouTube Podcasts', '--version', '1.0.1', '--package', 'org.epopeya123.ytpodcasts', '--minsdk', '26', '--ndk-api', '26', '--private', '/home/runner/work/youtube_podcasts/youtube_podcasts/app/.buildozer/android/app', '--permission', 'INTERNET', '--permission', 'READ_MEDIA_AUDIO', '--android-entrypoint', 'org.kivy.android.PythonActivity', '--android-apptheme', '@android:style/Theme.NoTitleBar', '--orientation', 'portrait', '--window', '--enable-androidx', '--intent-filters', '/home/runner/work/youtube_podcasts/youtube_podcasts/app/intent_filters.xml', '--allow-backup', 'false', '--presplash-color', '#1a1a2e', '--copy-libs', '--arch', 'arm64-v8a', '--color=always', '--storage-dir=/home/runner/work/youtube_podcasts/youtube_podcasts/app/.buildozer/android/platform/build-arm64-v8a', '--ndk-api=26', '--ignore-setup-py', '--debug'][0m
[0m[1;30m# Cwd /home/runner/work/youtube_podcasts/youtube_podcasts/app/.buildozer/android/platform/python-for-android[0m
[WARNING]: Please report any issues to the python-for-android issue tracker.
[WARNING]: prerequisites.py is experimental and does not support all prerequisites yet.
[WARNING]: Please report any issues to the python-for-android issue tracker.
[1m[INFO][0m:    Will compile for the following archs: arm64-v8a
[1m[INFO][0m:    Found Android API target in $ANDROIDAPI: 34
[1m[INFO][0m:    Available Android APIs are (34)
[1m[INFO][0m:    Requested API target 34 is available, continuing.
[1m[INFO][0m:    Found NDK dir in $ANDROIDNDK: /home/runner/.buildozer/android/platform/android-ndk-r25b
[1m[INFO][0m:    Found NDK version 25b
[1m[INFO][0m:    Getting NDK API version (i.e. minimum supported API) from user argument
[1m[90m[DEBUG][39m[0m:   All possible dists: [<Distribution: name ytpodcasts with recipes (hostpython3, libffi, openssl, sdl2_image, sdl2_mixer, sdl2_ttf, sqlite3, python3, sdl2, setuptools, pycparser, six, cffi, pyjnius, android, kivy, pycryptodome, mutagen, certifi, yt-dlp, idna, chardet, materialyoucolor, kivymd, requests, urllib3)>]
[1m[90m[DEBUG][39m[0m:   Dist matching name and arch: [<Distribution: name ytpodcasts with recipes (hostpython3, libffi, openssl, sdl2_image, sdl2_mixer, sdl2_ttf, sqlite3, python3, sdl2, setuptools, pycparser, six, cffi, pyjnius, android, kivy, pycryptodome, mutagen, certifi, yt-dlp, idna, chardet, materialyoucolor, kivymd, requests, urllib3)>]
[1m[90m[DEBUG][39m[0m:   Dist matching ndk_api and recipe: [<Distribution: name ytpodcasts with recipes (hostpython3, libffi, openssl, sdl2_image, sdl2_mixer, sdl2_ttf, sqlite3, python3, sdl2, setuptools, pycparser, six, cffi, pyjnius, android, kivy, pycryptodome, mutagen, certifi, yt-dlp, idna, chardet, materialyoucolor, kivymd, requests, urllib3)>]
[1m[INFO][0m:    Of the existing distributions, the following meet the given requirements:
[1m[INFO][0m:    	[32m[1mytpodcasts[0m: min API 26, includes recipes ([32mhostpython3, libffi, openssl, sdl2_image, sdl2_mixer, sdl2_ttf, sqlite3, python3, sdl2, setuptools, pycparser, six, cffi, pyjnius, android, kivy, pycryptodome, mutagen, certifi, yt-dlp, idna, chardet, materialyoucolor, kivymd, requests, urllib3[0m), built for archs ([34marm64-v8a[0m)
[1m[INFO][0m:    [1m[94mytpodcasts has compatible recipes, using this one[0m
[1m[90m[DEBUG][39m[0m:   All possible dists: [<Distribution: name ytpodcasts with recipes (hostpython3, libffi, openssl, sdl2_image, sdl2_mixer, sdl2_ttf, sqlite3, python3, sdl2, setuptools, pycparser, six, cffi, pyjnius, android, kivy, pycryptodome, mutagen, certifi, yt-dlp, idna, chardet, materialyoucolor, kivymd, requests, urllib3)>]
[1m[90m[DEBUG][39m[0m:   Dist matching name and arch: [<Distribution: name ytpodcasts with recipes (hostpython3, libffi, openssl, sdl2_image, sdl2_mixer, sdl2_ttf, sqlite3, python3, sdl2, setuptools, pycparser, six, cffi, pyjnius, android, kivy, pycryptodome, mutagen, certifi, yt-dlp, idna, chardet, materialyoucolor, kivymd, requests, urllib3)>]
[1m[90m[DEBUG][39m[0m:   Dist matching ndk_api and recipe: [<Distribution: name ytpodcasts with recipes (hostpython3, libffi, openssl, sdl2_image, sdl2_mixer, sdl2_ttf, sqlite3, python3, sdl2, setuptools, pycparser, six, cffi, pyjnius, android, kivy, pycryptodome, mutagen, certifi, yt-dlp, idna, chardet, materialyoucolor, kivymd, requests, urllib3)>]
[1m[INFO][0m:    Of the existing distributions, the following meet the given requirements:
[1m[INFO][0m:    	[32m[1mytpodcasts[0m: min API 26, includes recipes ([32mhostpython3, libffi, openssl, sdl2_image, sdl2_mixer, sdl2_ttf, sqlite3, python3, sdl2, setuptools, pycparser, six, cffi, pyjnius, android, kivy, pycryptodome, mutagen, certifi, yt-dlp, idna, chardet, materialyoucolor, kivymd, requests, urllib3[0m), built for archs ([34marm64-v8a[0m)
[1m[INFO][0m:    [1m[94mytpodcasts has compatible recipes, using this one[0m
[1m[INFO][0m:    [36m-> directory context /home/runner/work/youtube_podcasts/youtube_podcasts/app/.buildozer/android/platform/build-arm64-v8a/build/bootstrap_builds/sdl2[39m
[1m[INFO][0m:    [36m<- directory context /home/runner/work/youtube_podcasts/youtube_podcasts/app/.buildozer/android/platform/python-for-android[39m
[1m[INFO][0m:    [36m-> directory context /home/runner/work/youtube_podcasts/youtube_podcasts/app/.buildozer/android/platform/build-arm64-v8a/dists/ytpodcasts[39m
[1m[90m[DEBUG][39m[0m:   Remove directory and subdirectory src/main/assets
[1m[90m[DEBUG][39m[0m:   Create directory src/main/assets
Compiling '/home/runner/work/youtube_podcasts/youtube_podcasts/app/.buildozer/android/app/main.py'...
Compiling '/home/runner/work/youtube_podcasts/youtube_podcasts/app/.buildozer/android/app/sitecustomize.py'...
[1m[90m[DEBUG][39m[0m:   Remove directory and subdirectory /tmp/p4a-extra-env-536u0ezw
[1m[90m[DEBUG][39m[0m:   Remove directory and subdirectory src/main/res
[1m[INFO][0m:    Detected highest available build tools version to be 37.0.0
stty: 'standard input': Inappropriate ioctl for device
[1m[90m[DEBUG][39m[0m:   [90m->[0m running gradlew clean assembleDebug[0m
[1m[90m[DEBUG][39m[0m:   	Downloading https://services.gradle.org/distributions/gradle-8.0.2-all.zip
[1m[90m[DEBUG][39m[0m:   	...............................................................................................................................................................................................................................................................................................................................................................................................................................................................................................................................................................................................................................................................................................................................................................................................................................................................................................................................................................................................................................................................................................................................................................................................................................................................................................................................................................................................................................................................................................................................................................................................................................................................................................................................................................................................................................................................................................................................................................................................................................................................................................................................................................................................................................................................................................................................................................................................................................................................................................................................................................................................................................................................................................................................................................................................................................................................................................................................................................................................................................................................................................................................................................................................................................................................................................................................................................................................................................................................................................................................................................................................................................................................................................................................................................................................................................................................................................................................................................................................................................................................................................................................................................................................................................................................................................................................................................................................................................................................................................................................................................................................................................................................................................................................................................................................................................................................................................................................................................................................................................................................................................................................................................................................................................................................................................................................................................................................................................................................................................................................................................................................................................................................................................................................................................................................................................................................................................................................................................................................................................................................................................................................................................................................................................................................................................................................................................................................................................................................................................................................................................................................................................................................................................................................................................................................................................................................................................................................................................................................................................................................................................................................................................................................................................................................................................................................................................................................................................................................................................................................................................................................................................................................................................................................................................................................................................................................................................................................................................................................................................................................................................................................................................................................................................................................................................................................................................................................................................................................................................................................................................................................................................................................................................................................
[1m[90m[DEBUG][39m[0m:   	Unzipping /home/runner/.gradle/wrapper/dists/gradle-8.0.2-all/14bt34ptcsg1ikmfn78tdh1keu/gradle-8.0.2-all.zip to /home/runner/.gradle/wrapper/dists/gradle-8.0.2-all/14bt34ptcsg1ikmfn78tdh1keu
[1m[90m[DEBUG][39m[0m:   	Set executable permissions for: /home/runner/.gradle/wrapper/dists/gradle-8.0.2-all/14bt34ptcsg1ikmfn78tdh1keu/gradle-8.0.2/bin/gradle
[1m[90m[DEBUG][39m[0m:   	
[1m[90m[DEBUG][39m[0m:   	Welcome to Gradle 8.0.2!
[1m[90m[DEBUG][39m[0m:   	
[1m[90m[DEBUG][39m[0m:   	Here are the highlights of this release:
[1m[90m[DEBUG][39m[0m:   	 - Improvements to the Kotlin DSL
[1m[90m[DEBUG][39m[0m:   	 - Fine-grained parallelism from the first build with configuration cache
[1m[90m[DEBUG][39m[0m:   	 - Configurable Gradle user home cache cleanup
[1m[90m[DEBUG][39m[0m:   	
[1m[90m[DEBUG][39m[0m:   	For more details see https://docs.gradle.org/8.0.2/release-notes.html
[1m[90m[DEBUG][39m[0m:   	
[1m[90m[DEBUG][39m[0m:   	Starting a Gradle Daemon (subsequent builds will be faster)
[1m[90m[DEBUG][39m[0m:   	> Task :clean
[1m[90m[DEBUG][39m[0m:   	> Task :preBuild UP-TO-DATE
[1m[90m[DEBUG][39m[0m:   	> Task :preDebugBuild UP-TO-DATE
[1m[90m[DEBUG][39m[0m:   	> Task :mergeDebugNativeDebugMetadata NO-SOURCE
[1m[90m[DEBUG][39m[0m:   	> Task :javaPreCompileDebug
[1m[90m[DEBUG][39m[0m:   	> Task :checkDebugAarMetadata
[1m[90m[DEBUG][39m[0m:   	> Task :generateDebugResValues
[1m[90m[DEBUG][39m[0m:   	> Task :mapDebugSourceSetPaths
[1m[90m[DEBUG][39m[0m:   	> Task :generateDebugResources
[1m[90m[DEBUG][39m[0m:   	> Task :packageDebugResources
[1m[90m[DEBUG][39m[0m:   	> Task :mergeDebugResources
[1m[90m[DEBUG][39m[0m:   	> Task :createDebugCompatibleScreenManifests
[1m[90m[DEBUG][39m[0m:   	> Task :extractDeepLinksDebug
[1m[90m[DEBUG][39m[0m:   	> Task :parseDebugLocalResources
[1m[90m[DEBUG][39m[0m:   	
[1m[90m[DEBUG][39m[0m:   	> Task :processDebugMainManifest
[1m[90m[DEBUG][39m[0m:   	/home/runner/work/youtube_podcasts/youtube_podcasts/app/.buildozer/android/platform/build-arm64-v8a/dists/ytpodcasts/src/main/AndroidManifest.xml:57:18-50 Warning:
[1m[90m[DEBUG][39m[0m:   		android:extractNativeLibs should not be specified in this source AndroidManifest.xml file. See https://d.android.com/guide/topics/manifest/application-element#extractNativeLibs for more information.
[1m[90m[DEBUG][39m[0m:   	The AGP Upgrade Assistant can remove the attribute from the AndroidManifest.xml file and update the build file accordingly. See https://d.android.com/studio/build/agp-upgrade-assistant for more information.
[1m[90m[DEBUG][39m[0m:   	
[1m[90m[DEBUG][39m[0m:   	> Task :processDebugManifest
[1m[90m[DEBUG][39m[0m:   	> Task :mergeDebugShaders
[1m[90m[DEBUG][39m[0m:   	> Task :compileDebugShaders NO-SOURCE
[1m[90m[DEBUG][39m[0m:   	> Task :generateDebugAssets UP-TO-DATE
[1m[90m[DEBUG][39m[0m:   	> Task :mergeDebugAssets
[1m[90m[DEBUG][39m[0m:   	> Task :processDebugJavaRes NO-SOURCE
[1m[90m[DEBUG][39m[0m:   	> Task :compressDebugAssets
[1m[90m[DEBUG][39m[0m:   	> Task :checkDebugDuplicateClasses
[1m[90m[DEBUG][39m[0m:   	> Task :processDebugManifestForPackage
[1m[90m[DEBUG][39m[0m:   	> Task :mergeDebugJavaResource
[1m[90m[DEBUG][39m[0m:   	> Task :desugarDebugFileDependencies
[1m[90m[DEBUG][39m[0m:   	> Task :mergeExtDexDebug
[1m[90m[DEBUG][39m[0m:   	> Task :mergeLibDexDebug
[1m[90m[DEBUG][39m[0m:   	> Task :processDebugResources
[1m[90m[DEBUG][39m[0m:   	> Task :mergeDebugJniLibFolders
[1m[90m[DEBUG][39m[0m:   	
[1m[90m[DEBUG][39m[0m:   	> Task :compileDebugJavaWithJavac
[1m[90m[DEBUG][39m[0m:   	Note: Some input files use or override a deprecated API.
[1m[90m[DEBUG][39m[0m:   	Note: Recompile with -Xlint:deprecation for details.
[1m[90m[DEBUG][39m[0m:   	
[1m[90m[DEBUG][39m[0m:   	> Task :dexBuilderDebug
[1m[90m[DEBUG][39m[0m:   	> Task :mergeProjectDexDebug
[1m[90m[DEBUG][39m[0m:   	> Task :mergeDebugNativeLibs
[1m[90m[DEBUG][39m[0m:   	> Task :validateSigningDebug
[1m[90m[DEBUG][39m[0m:   	> Task :writeDebugAppMetadata
[1m[90m[DEBUG][39m[0m:   	> Task :writeDebugSigningConfigVersions
[1m[90m[DEBUG][39m[0m:   	> Task :stripDebugDebugSymbols
[1m[90m[DEBUG][39m[0m:   	> Task :packageDebug
[1m[90m[DEBUG][39m[0m:   	> Task :createDebugApkListingFileRedirect
[1m[90m[DEBUG][39m[0m:   	> Task :assembleDebug
[1m[90m[DEBUG][39m[0m:   	
[1m[90m[DEBUG][39m[0m:   	Deprecated Gradle features were used in this build, making it incompatible with Gradle 9.0.
[1m[90m[DEBUG][39m[0m:   	
[1m[90m[DEBUG][39m[0m:   	You can use '--warning-mode all' to show the individual deprecation warnings and determine if they come from your own scripts or plugins.
[1m[90m[DEBUG][39m[0m:   	
[1m[90m[DEBUG][39m[0m:   	See https://docs.gradle.org/8.0.2/userguide/command_line_interface.html#sec:command_line_warnings
[1m[90m[DEBUG][39m[0m:   	
[1m[90m[DEBUG][39m[0m:   	BUILD SUCCESSFUL in 33s
[1m[90m[DEBUG][39m[0m:   	33 actionable tasks: 33 executed
[1m[INFO][0m:    [36m<- directory context /home/runner/work/youtube_podcasts/youtube_podcasts/app/.buildozer/android/platform/python-for-android[39m
[1m[90m[DEBUG][39m[0m:   All possible dists: [<Distribution: name ytpodcasts with recipes (hostpython3, libffi, openssl, sdl2_image, sdl2_mixer, sdl2_ttf, sqlite3, python3, sdl2, setuptools, pycparser, six, cffi, pyjnius, android, kivy, pycryptodome, mutagen, certifi, yt-dlp, idna, chardet, materialyoucolor, kivymd, requests, urllib3)>]
[1m[90m[DEBUG][39m[0m:   Dist matching name and arch: [<Distribution: name ytpodcasts with recipes (hostpython3, libffi, openssl, sdl2_image, sdl2_mixer, sdl2_ttf, sqlite3, python3, sdl2, setuptools, pycparser, six, cffi, pyjnius, android, kivy, pycryptodome, mutagen, certifi, yt-dlp, idna, chardet, materialyoucolor, kivymd, requests, urllib3)>]
[1m[90m[DEBUG][39m[0m:   Dist matching ndk_api and recipe: [<Distribution: name ytpodcasts with recipes (hostpython3, libffi, openssl, sdl2_image, sdl2_mixer, sdl2_ttf, sqlite3, python3, sdl2, setuptools, pycparser, six, cffi, pyjnius, android, kivy, pycryptodome, mutagen, certifi, yt-dlp, idna, chardet, materialyoucolor, kivymd, requests, urllib3)>]
[1m[INFO][0m:    Of the existing distributions, the following meet the given requirements:
[1m[INFO][0m:    	[32m[1mytpodcasts[0m: min API 26, includes recipes ([32mhostpython3, libffi, openssl, sdl2_image, sdl2_mixer, sdl2_ttf, sqlite3, python3, sdl2, setuptools, pycparser, six, cffi, pyjnius, android, kivy, pycryptodome, mutagen, certifi, yt-dlp, idna, chardet, materialyoucolor, kivymd, requests, urllib3[0m), built for archs ([34marm64-v8a[0m)
[1m[INFO][0m:    [1m[94mytpodcasts has compatible recipes, using this one[0m
[1m[INFO][0m:    [1m[32m# Copying android package to current directory[0m[39m
[1m[INFO][0m:    [1m[32m# Android package filename not found in build output. Guessing...[0m[39m
[1m[INFO][0m:    [1m[32m# Found android package file: /home/runner/work/youtube_podcasts/youtube_podcasts/app/.buildozer/android/platform/build-arm64-v8a/dists/ytpodcasts/build/outputs/apk/debug/ytpodcasts-debug.apk[0m[39m
[1m[INFO][0m:    # Add version number to android package
[1m[INFO][0m:    # Android package renamed to ytpodcasts-debug-1.0.1.apk
stty: 'standard input': Inappropriate ioctl for device
[1m[90m[DEBUG][39m[0m:   [90m->[0m running cp /home/runner/work/youtube_podcasts/youtube_podcasts/app/.buildozer/android/platform/build-arm64-v8a/dists/ytpodcasts/build/outputs/apk/debug/ytpodcasts-debug.apk ytpodcasts-debug-1.0.1.apk[0m
No setup.py/pyproject.toml used, copying full private data into .apk.
Applying Java source code patches...
Applying patch: src/patches/SDLActivity.java.patch
Warning: failed to apply patch (exit code 1), assuming it is already applied:  src/patches/SDLActivity.java.patch
[0m[1;34m# Android packaging done![0m
[0m[1;34m# APK ytpodcasts-1.0.1-arm64-v8a-debug.apk available in the bin directory[0m
